g:\study\winpcap\wpdpack\examples-pcap\debug\x86\vc142.pdb
g:\study\winpcap\wpdpack\examples-pcap\debug\x86\vc142.idb
g:\study\winpcap\wpdpack\examples-pcap\debug\x86\udpdump.obj
g:\study\wpdpack\examples-pcap\debug\x86\vc142.pdb
g:\study\wpdpack\examples-pcap\debug\x86\vc142.idb
g:\study\wpdpack\examples-pcap\debug\x86\code.obj
g:\study\winpcap\wpdpack\examples-pcap\debug\x86\udpdump.exe
g:\study\winpcap\wpdpack\examples-pcap\debug\x86\udpdump.ilk
g:\study\winpcap\wpdpack\examples-pcap\debug\x86\udpdump.pdb
g:\study\wpdpack\examples-pcap\debug\x86\udpdump.exe
g:\study\wpdpack\examples-pcap\debug\x86\udpdump.ilk
g:\study\wpdpack\examples-pcap\debug\x86\udpdump.pdb
g:\study\wpdpack\examples-pcap\debug\x86\iflist.obj
g:\study\wpdpack\examples-pcap\debug\x86\pcap_filter.obj
g:\study\wpdpack\examples-pcap\debug\x86\pktdump_ex.obj
g:\study\wpdpack\examples-pcap\debug\x86\readfile.obj
g:\study\wpdpack\examples-pcap\debug\x86\readfile_ex.obj
g:\study\wpdpack\examples-pcap\debug\x86\savedump.obj
g:\study\wpdpack\examples-pcap\debug\x86\sendpack.obj
g:\study\wpdpack\examples-pcap\debug\x86\udpdump.obj
g:\study\wpdpack\examples-pcap\debug\x86\iflist.ilk
g:\study\wpdpack\examples-pcap\debug\x86\pcap_filter.ilk
g:\study\wpdpack\examples-pcap\debug\x86\pktdump_ex.ilk
g:\study\wpdpack\examples-pcap\debug\x86\readfile.ilk
g:\study\wpdpack\examples-pcap\debug\x86\readfile_ex.ilk
g:\study\wpdpack\examples-pcap\debug\x86\savedump.ilk
g:\study\wpdpack\examples-pcap\debug\x86\sendpack.ilk
g:\study\wpdpack\examples-pcap\debug\x86\iflist.pdb
g:\study\wpdpack\examples-pcap\debug\x86\pcap_filter.pdb
g:\study\wpdpack\examples-pcap\debug\x86\pktdump_ex.pdb
g:\study\wpdpack\examples-pcap\debug\x86\readfile.pdb
g:\study\wpdpack\examples-pcap\debug\x86\readfile_ex.pdb
g:\study\wpdpack\examples-pcap\debug\x86\savedump.pdb
g:\study\wpdpack\examples-pcap\debug\x86\sendpack.pdb
g:\study\wpdpack\examples-pcap\\debug\x86\udpdump.pdb
g:\study\wpdpack\examples-pcap\\debug\x86\udpdump.exe
g:\study\wpdpack\examples-pcap\\debug\x86\udpdump.ilk
g:\study\wpdpack\examples-pcap\debug\x86\udpdump.tlog\cl.command.1.tlog
g:\study\wpdpack\examples-pcap\debug\x86\udpdump.tlog\cl.read.1.tlog
g:\study\wpdpack\examples-pcap\debug\x86\udpdump.tlog\cl.write.1.tlog
g:\study\wpdpack\examples-pcap\debug\x86\udpdump.tlog\link.19060.delete.1.tlog
g:\study\wpdpack\examples-pcap\debug\x86\udpdump.tlog\link.20088.delete.1.tlog
g:\study\wpdpack\examples-pcap\debug\x86\udpdump.tlog\link.command.1.tlog
g:\study\wpdpack\examples-pcap\debug\x86\udpdump.tlog\link.delete.1.tlog
g:\study\wpdpack\examples-pcap\debug\x86\udpdump.tlog\link.read.1.tlog
g:\study\wpdpack\examples-pcap\debug\x86\udpdump.tlog\link.write.1.tlog
